<?xml version="1.0" encoding="UTF-8"?>
<!-- Generated by org.testng.reporters.JUnitXMLReporter -->
<testsuite hostname="LAPTOP-N8ICA1Q5" ignored="14" name="Default test" tests="1" failures="1" timestamp="2021-10-22T16:56:36 IST" time="0.338" errors="0">
  <testcase name="emailEndsWith" time="0.294" classname="TestCaseTrial.UsersPage1">
    <failure type="java.lang.AssertionError" message="Lists differ at element [1]: sagar@gmail.com != sagar@javabykiran.com expected [sagar@gmail.com] but found [sagar@javabykiran.com]">
      <![CDATA[java.lang.AssertionError: Lists differ at element [1]: sagar@gmail.com != sagar@javabykiran.com expected [sagar@gmail.com] but found [sagar@javabykiran.com]
at org.testng.Assert.fail(Assert.java:99)
at org.testng.Assert.failNotEquals(Assert.java:1037)
at org.testng.Assert.assertEqualsImpl(Assert.java:140)
at org.testng.Assert.assertEquals(Assert.java:1103)
at org.testng.Assert.assertEquals(Assert.java:1065)
at TestCaseTrial.UsersPage1.emailEndsWith(UsersPage1.java:170)
at sun.reflect.NativeMethodAccessorImpl.invoke0(Native Method)
at sun.reflect.NativeMethodAccessorImpl.invoke(Unknown Source)
at sun.reflect.DelegatingMethodAccessorImpl.invoke(Unknown Source)
at java.lang.reflect.Method.invoke(Unknown Source)
at org.testng.internal.MethodInvocationHelper.invokeMethod(MethodInvocationHelper.java:133)
at org.testng.internal.TestInvoker.invokeMethod(TestInvoker.java:598)
at org.testng.internal.TestInvoker.invokeTestMethod(TestInvoker.java:173)
at org.testng.internal.MethodRunner.runInSequence(MethodRunner.java:46)
at org.testng.internal.TestInvoker$MethodInvocationAgent.invoke(TestInvoker.java:824)
at org.testng.internal.TestInvoker.invokeTestMethods(TestInvoker.java:146)
at org.testng.internal.TestMethodWorker.invokeTestMethods(TestMethodWorker.java:146)
at org.testng.internal.TestMethodWorker.run(TestMethodWorker.java:128)
at java.util.ArrayList.forEach(Unknown Source)
at org.testng.TestRunner.privateRun(TestRunner.java:794)
at org.testng.TestRunner.run(TestRunner.java:596)
at org.testng.SuiteRunner.runTest(SuiteRunner.java:377)
at org.testng.SuiteRunner.runSequentially(SuiteRunner.java:371)
at org.testng.SuiteRunner.privateRun(SuiteRunner.java:332)
at org.testng.SuiteRunner.run(SuiteRunner.java:276)
at org.testng.SuiteRunnerWorker.runSuite(SuiteRunnerWorker.java:53)
at org.testng.SuiteRunnerWorker.run(SuiteRunnerWorker.java:96)
at org.testng.TestNG.runSuitesSequentially(TestNG.java:1212)
at org.testng.TestNG.runSuitesLocally(TestNG.java:1134)
at org.testng.TestNG.runSuites(TestNG.java:1063)
at org.testng.TestNG.run(TestNG.java:1031)
at org.testng.remote.AbstractRemoteTestNG.run(AbstractRemoteTestNG.java:115)
at org.testng.remote.RemoteTestNG.initAndRun(RemoteTestNG.java:251)
at org.testng.remote.RemoteTestNG.main(RemoteTestNG.java:77)
]]>
    </failure>
  </testcase> <!-- emailEndsWith -->
  <testcase name="deleteUser2and4Accept" time="0.0" classname="TestCaseTrial.UsersPage1">
    <ignored/>
  </testcase> <!-- deleteUser2and4Accept -->
  <testcase name="checkHeading1" time="0.0" classname="TestCaseTrial.UsersPage1">
    <ignored/>
  </testcase> <!-- checkHeading1 -->
  <testcase name="checkLogoutLink" time="0.0" classname="TestCaseTrial.UsersPage1">
    <ignored/>
  </testcase> <!-- checkLogoutLink -->
  <testcase name="deleteUser2and4" time="0.0" classname="TestCaseTrial.UsersPage1">
    <ignored/>
  </testcase> <!-- deleteUser2and4 -->
  <testcase name="checkColumnNames" time="0.0" classname="TestCaseTrial.UsersPage1">
    <ignored/>
  </testcase> <!-- checkColumnNames -->
  <testcase name="checkColumn" time="0.0" classname="TestCaseTrial.UsersPage1">
    <ignored/>
  </testcase> <!-- checkColumn -->
  <testcase name="checkCurrentURL" time="0.0" classname="TestCaseTrial.UsersPage1">
    <ignored/>
  </testcase> <!-- checkCurrentURL -->
  <testcase name="checkLabel" time="0.0" classname="TestCaseTrial.UsersPage1">
    <ignored/>
  </testcase> <!-- checkLabel -->
  <testcase name="addUser" time="0.0" classname="TestCaseTrial.UsersPage1">
    <ignored/>
  </testcase> <!-- addUser -->
  <testcase name="checkLabel1" time="0.0" classname="TestCaseTrial.UsersPage1">
    <ignored/>
  </testcase> <!-- checkLabel1 -->
  <testcase name="checkTitle" time="0.0" classname="TestCaseTrial.UsersPage1">
    <ignored/>
  </testcase> <!-- checkTitle -->
  <testcase name="checkFooterLink" time="0.0" classname="TestCaseTrial.UsersPage1">
    <ignored/>
  </testcase> <!-- checkFooterLink -->
  <testcase name="addUserButton" time="0.0" classname="TestCaseTrial.UsersPage1">
    <ignored/>
  </testcase> <!-- addUserButton -->
  <testcase name="deleteUser1and3" time="0.0" classname="TestCaseTrial.UsersPage1">
    <ignored/>
  </testcase> <!-- deleteUser1and3 -->
</testsuite> <!-- Default test -->
